   Compiling av1d-daemon v0.1.0 (/home/dark-rock/av1-janitor/crates/daemon)
warning: unused variable: `output_probe`
   --> crates/daemon/src/daemon_loop.rs:205:9
    |
205 |     let output_probe = match validate_output(&encoded_path, &probe_result).await {
    |         ^^^^^^^^^^^^ help: if this is intentional, prefix it with an underscore: `_output_probe`
    |
    = note: `#[warn(unused_variables)]` on by default

warning: `av1d-daemon` (lib) generated 1 warning
   Compiling av1top v0.1.0 (/home/dark-rock/av1-janitor/crates/cli-tui)
   Compiling av1d v0.1.0 (/home/dark-rock/av1-janitor/crates/cli-daemon)
warning: unused import: `std::path::PathBuf`
 --> crates/daemon/tests/replace_properties.rs:3:5
  |
3 | use std::path::PathBuf;
  |     ^^^^^^^^^^^^^^^^^^
  |
  = note: `#[warn(unused_imports)]` on by default

warning: unused import: `SubtitleStream`
 --> crates/daemon/tests/gates_properties.rs:3:77
  |
3 | use av1d_daemon::probe::{FormatInfo, ProbeResult, VideoStream, AudioStream, SubtitleStream};
  |                                                                             ^^^^^^^^^^^^^^
  |
  = note: `#[warn(unused_imports)]` on by default

error[E0433]: failed to resolve: use of unresolved module or unlinked crate `daemon`
 --> crates/daemon/tests/encode_properties.rs:1:5
  |
1 | use daemon::encode::{select_crf, select_preset};
  |     ^^^^^^ use of unresolved module or unlinked crate `daemon`
  |
  = help: if you wanted to use a crate named `daemon`, use `cargo add daemon` to add it to your `Cargo.toml`

warning: unused variable: `duration_offset`
   --> crates/daemon/tests/validate_properties.rs:130:5
    |
130 |     duration_offset: f64,
    |     ^^^^^^^^^^^^^^^ help: if this is intentional, prefix it with an underscore: `_duration_offset`
    |
    = note: `#[warn(unused_variables)]` on by default

error[E0433]: failed to resolve: use of unresolved module or unlinked crate `daemon`
 --> crates/daemon/tests/encode_properties.rs:2:5
  |
2 | use daemon::encode::common::{stream_mapping_flags, websafe_input_flags, pad_filter};
  |     ^^^^^^ use of unresolved module or unlinked crate `daemon`
  |
  = help: if you wanted to use a crate named `daemon`, use `cargo add daemon` to add it to your `Cargo.toml`

warning: unused variable: `num_av1_streams`
   --> crates/daemon/tests/validate_properties.rs:161:5
    |
161 |     num_av1_streams: usize,
    |     ^^^^^^^^^^^^^^^ help: if this is intentional, prefix it with an underscore: `_num_av1_streams`

warning: unused variable: `duration_offset`
   --> crates/daemon/tests/validate_properties.rs:162:5
    |
162 |     duration_offset: f64,
    |     ^^^^^^^^^^^^^^^ help: if this is intentional, prefix it with an underscore: `_duration_offset`

error[E0433]: failed to resolve: use of unresolved module or unlinked crate `daemon`
 --> crates/daemon/tests/encode_properties.rs:3:5
  |
3 | use daemon::encode::svt::build_svt_command;
  |     ^^^^^^ use of unresolved module or unlinked crate `daemon`
  |
  = help: if you wanted to use a crate named `daemon`, use `cargo add daemon` to add it to your `Cargo.toml`

error[E0433]: failed to resolve: use of unresolved module or unlinked crate `daemon`
 --> crates/daemon/tests/encode_properties.rs:4:5
  |
4 | use daemon::encode::aom::{build_aom_command, select_tiles, select_cpu_used};
  |     ^^^^^^ use of unresolved module or unlinked crate `daemon`
  |
  = help: if you wanted to use a crate named `daemon`, use `cargo add daemon` to add it to your `Cargo.toml`

error[E0433]: failed to resolve: use of unresolved module or unlinked crate `daemon`
 --> crates/daemon/tests/encode_properties.rs:5:5
  |
5 | use daemon::encode::rav1e::build_rav1e_command;
  |     ^^^^^^ use of unresolved module or unlinked crate `daemon`
  |
  = help: if you wanted to use a crate named `daemon`, use `cargo add daemon` to add it to your `Cargo.toml`

error[E0433]: failed to resolve: use of unresolved module or unlinked crate `daemon`
 --> crates/daemon/tests/encode_properties.rs:6:5
  |
6 | use daemon::config::QualityTier;
  |     ^^^^^^ use of unresolved module or unlinked crate `daemon`
  |
  = help: if you wanted to use a crate named `daemon`, use `cargo add daemon` to add it to your `Cargo.toml`

warning: unused import: `save_job`
 --> crates/cli-tui/src/models/mod.rs:4:31
  |
4 | pub use job::{Job, JobStatus, save_job, load_all_jobs};
  |                               ^^^^^^^^
  |
  = note: `#[warn(unused_imports)]` on by default

error[E0433]: failed to resolve: use of unresolved module or unlinked crate `daemon`
 --> crates/daemon/tests/encode_properties.rs:7:5
  |
7 | use daemon::jobs::{Job, JobStatus};
  |     ^^^^^^ use of unresolved module or unlinked crate `daemon`
  |
  = help: if you wanted to use a crate named `daemon`, use `cargo add daemon` to add it to your `Cargo.toml`

error[E0433]: failed to resolve: use of unresolved module or unlinked crate `daemon`
   --> crates/daemon/tests/encode_properties.rs:421:9
    |
421 |     use daemon::encode::JobExecutor;
    |         ^^^^^^ use of unresolved module or unlinked crate `daemon`
    |
    = help: if you wanted to use a crate named `daemon`, use `cargo add daemon` to add it to your `Cargo.toml`

error[E0063]: missing fields `prefer_encoder` and `quality_tier` in initializer of `DaemonConfig`
  --> crates/daemon/tests/gates_properties.rs:57:22
   |
57 |         let config = DaemonConfig {
   |                      ^^^^^^^^^^^^ missing `prefer_encoder` and `quality_tier`

error[E0063]: missing fields `prefer_encoder` and `quality_tier` in initializer of `DaemonConfig`
   --> crates/daemon/tests/gates_properties.rs:127:18
    |
127 |     let config = DaemonConfig {
    |                  ^^^^^^^^^^^^ missing `prefer_encoder` and `quality_tier`

error[E0599]: `tokio::fs::ReadDir` is not an iterator
  --> crates/daemon/tests/replace_properties.rs:52:18
   |
49 |               let backup_files: Vec<_> = fs::read_dir(temp_dir.path())
   |  ________________________________________-
50 | |                 .await
51 | |                 .unwrap()
52 | |                 .filter_map(|e| e.ok())
   | |                 -^^^^^^^^^^ `tokio::fs::ReadDir` is not an iterator
   | |_________________|
   |
   |
  ::: /home/dark-rock/.cargo/registry/src/index.crates.io-1949cf8c6b5b557f/tokio-1.48.0/src/fs/read_dir.rs:64:1
   |
64 |   pub struct ReadDir(State);
   |   ------------------ doesn't satisfy `tokio::fs::ReadDir: Iterator`
   |
   = note: the following trait bounds were not satisfied:
           `tokio::fs::ReadDir: Iterator`
           which is required by `&mut tokio::fs::ReadDir: Iterator`

error[E0063]: missing fields `prefer_encoder` and `quality_tier` in initializer of `DaemonConfig`
   --> crates/daemon/tests/gates_properties.rs:184:18
    |
184 |     let config = DaemonConfig {
    |                  ^^^^^^^^^^^^ missing `prefer_encoder` and `quality_tier`

error[E0308]: mismatched types
  --> crates/daemon/tests/replace_properties.rs:20:9
   |
20 | /         rt.block_on(async {
21 | |             // Create temporary directory
22 | |             let temp_dir = TempDir::new().unwrap();
23 | |             let original_path = temp_dir.path().join("video.mkv");
...  |
84 | |             Ok::<(), proptest::test_runner::TestCaseError>(())
85 | |         })
   | |__________^ expected `()`, found `Result<(), TestCaseError>`
   |
   = note: expected unit type `()`
                   found enum `Result<(), TestCaseError>`
help: consider using a semicolon here
   |
85 |         });
   |           +
help: consider using `Result::expect` to unwrap the `Result<(), TestCaseError>` value, panicking if the value is a `Result::Err`
   |
85 |         }).expect("REASON")
   |           +++++++++++++++++

error[E0599]: `tokio::fs::ReadDir` is not an iterator
   --> crates/daemon/tests/replace_properties.rs:154:10
    |
151 |       let backup_files: Vec<_> = fs::read_dir(temp_dir.path())
    |  ________________________________-
152 | |         .await
153 | |         .unwrap()
154 | |         .filter_map(|e| e.ok())
    | |         -^^^^^^^^^^ `tokio::fs::ReadDir` is not an iterator
    | |_________|
    |
    |
   ::: /home/dark-rock/.cargo/registry/src/index.crates.io-1949cf8c6b5b557f/tokio-1.48.0/src/fs/read_dir.rs:64:1
    |
 64 |   pub struct ReadDir(State);
    |   ------------------ doesn't satisfy `tokio::fs::ReadDir: Iterator`
    |
    = note: the following trait bounds were not satisfied:
            `tokio::fs::ReadDir: Iterator`
            which is required by `&mut tokio::fs::ReadDir: Iterator`

error[E0308]: mismatched types
   --> crates/daemon/tests/gates_properties.rs:236:29
    |
236 |                 codec_name: codec_name.clone(),
    |                             ^^^^^^^^^^^^^^^^^^ expected `String`, found `&str`
    |
help: try using a conversion method
    |
236 -                 codec_name: codec_name.clone(),
236 +                 codec_name: codec_name.to_string(),
    |

error[E0063]: missing fields `prefer_encoder` and `quality_tier` in initializer of `DaemonConfig`
   --> crates/daemon/tests/gates_properties.rs:249:22
    |
249 |         let config = DaemonConfig {
    |                      ^^^^^^^^^^^^ missing `prefer_encoder` and `quality_tier`

error[E0063]: missing fields `prefer_encoder` and `quality_tier` in initializer of `DaemonConfig`
   --> crates/daemon/tests/gates_properties.rs:310:18
    |
310 |     let config = DaemonConfig {
    |                  ^^^^^^^^^^^^ missing `prefer_encoder` and `quality_tier`

error[E0063]: missing fields `prefer_encoder` and `quality_tier` in initializer of `DaemonConfig`
   --> crates/daemon/tests/gates_properties.rs:367:18
    |
367 |     let config = DaemonConfig {
    |                  ^^^^^^^^^^^^ missing `prefer_encoder` and `quality_tier`

error[E0063]: missing fields `prefer_encoder` and `quality_tier` in initializer of `DaemonConfig`
   --> crates/daemon/tests/gates_properties.rs:415:18
    |
415 |     let config = DaemonConfig {
    |                  ^^^^^^^^^^^^ missing `prefer_encoder` and `quality_tier`

error[E0063]: missing fields `prefer_encoder` and `quality_tier` in initializer of `DaemonConfig`
   --> crates/daemon/tests/gates_properties.rs:471:18
    |
471 |     let config = DaemonConfig {
    |                  ^^^^^^^^^^^^ missing `prefer_encoder` and `quality_tier`

error[E0063]: missing fields `prefer_encoder` and `quality_tier` in initializer of `DaemonConfig`
   --> crates/daemon/tests/gates_properties.rs:539:18
    |
539 |     let config = DaemonConfig {
    |                  ^^^^^^^^^^^^ missing `prefer_encoder` and `quality_tier`

error[E0599]: `tokio::fs::ReadDir` is not an iterator
   --> crates/daemon/tests/replace_properties.rs:196:10
    |
193 |       let backup_files: Vec<_> = fs::read_dir(temp_dir.path())
    |  ________________________________-
194 | |         .await
195 | |         .unwrap()
196 | |         .filter_map(|e| e.ok())
    | |         -^^^^^^^^^^ `tokio::fs::ReadDir` is not an iterator
    | |_________|
    |
    |
   ::: /home/dark-rock/.cargo/registry/src/index.crates.io-1949cf8c6b5b557f/tokio-1.48.0/src/fs/read_dir.rs:64:1
    |
 64 |   pub struct ReadDir(State);
    |   ------------------ doesn't satisfy `tokio::fs::ReadDir: Iterator`
    |
    = note: the following trait bounds were not satisfied:
            `tokio::fs::ReadDir: Iterator`
            which is required by `&mut tokio::fs::ReadDir: Iterator`

Some errors have detailed explanations: E0063, E0308.
For more information about an error, try `rustc --explain E0063`.
error[E0599]: `tokio::fs::ReadDir` is not an iterator
   --> crates/daemon/tests/replace_properties.rs:236:10
    |
233 |       let backup_files: Vec<_> = fs::read_dir(temp_dir.path())
    |  ________________________________-
234 | |         .await
235 | |         .unwrap()
236 | |         .filter_map(|e| e.ok())
    | |         -^^^^^^^^^^ `tokio::fs::ReadDir` is not an iterator
    | |_________|
    |
    |
   ::: /home/dark-rock/.cargo/registry/src/index.crates.io-1949cf8c6b5b557f/tokio-1.48.0/src/fs/read_dir.rs:64:1
    |
 64 |   pub struct ReadDir(State);
    |   ------------------ doesn't satisfy `tokio::fs::ReadDir: Iterator`
    |
    = note: the following trait bounds were not satisfied:
            `tokio::fs::ReadDir: Iterator`
            which is required by `&mut tokio::fs::ReadDir: Iterator`

error[E0689]: can't call method `saturating_sub` on ambiguous numeric type `{integer}`
   --> crates/daemon/tests/encode_properties.rs:100:59
    |
100 |             QualityTier::VeryHigh => expected_base_preset.saturating_sub(1),
    |                                                           ^^^^^^^^^^^^^^
    |
help: you must specify a type for this binding, like `i32`
    |
 87 |         let expected_base_preset: i32 = if height >= 2160 {
    |                                 +++++

warning: `av1d-daemon` (test "gates_properties") generated 1 warning
error: could not compile `av1d-daemon` (test "gates_properties") due to 10 previous errors; 1 warning emitted
warning: build failed, waiting for other jobs to finish...
error[E0507]: cannot move out of `stream.codec_name` which is behind a shared reference
   --> crates/daemon/tests/probe_properties.rs:127:29
    |
127 |             prop_assert_eq!(stream.codec_name, video_codec, "Video codec should match");
    |                             ^^^^^^^^^^^^^^^^^ move occurs because `stream.codec_name` has type `std::string::String`, which does not implement the `Copy` trait
    |
help: consider borrowing here
    |
127 |             prop_assert_eq!(&stream.codec_name, video_codec, "Video codec should match");
    |                             +
help: consider cloning the value if the performance cost is acceptable
    |
127 |             prop_assert_eq!(stream.codec_name.clone(), video_codec, "Video codec should match");
    |                                              ++++++++

error[E0507]: cannot move out of `stream.frame_rate` which is behind a shared reference
   --> crates/daemon/tests/probe_properties.rs:131:29
    |
131 |             prop_assert_eq!(stream.frame_rate, frame_rate.map(|s| s.to_string()), "Frame rate should match");
    |                             ^^^^^^^^^^^^^^^^^ move occurs because `stream.frame_rate` has type `Option<std::string::String>`, which does not implement the `Copy` trait
    |
help: consider borrowing here
    |
131 |             prop_assert_eq!(&stream.frame_rate, frame_rate.map(|s| s.to_string()), "Frame rate should match");
    |                             +
help: consider cloning the value if the performance cost is acceptable
    |
131 |             prop_assert_eq!(stream.frame_rate.clone(), frame_rate.map(|s| s.to_string()), "Frame rate should match");
    |                                              ++++++++

error[E0507]: cannot move out of `stream.pix_fmt` which is behind a shared reference
   --> crates/daemon/tests/probe_properties.rs:132:29
    |
132 |             prop_assert_eq!(stream.pix_fmt, pix_fmt.map(|s| s.to_string()), "Pixel format should match");
    |                             ^^^^^^^^^^^^^^ move occurs because `stream.pix_fmt` has type `Option<std::string::String>`, which does not implement the `Copy` trait
    |
help: consider borrowing here
    |
132 |             prop_assert_eq!(&stream.pix_fmt, pix_fmt.map(|s| s.to_string()), "Pixel format should match");
    |                             +
help: consider cloning the value if the performance cost is acceptable
    |
132 |             prop_assert_eq!(stream.pix_fmt.clone(), pix_fmt.map(|s| s.to_string()), "Pixel format should match");
    |                                           ++++++++

error[E0599]: the method `prop_map` exists for tuple `(..., ..., ..., ..., ..., ..., ..., ..., ..., ..., ..., ..., ..., ..., ..., ..., ..., ...)`, but its trait bounds were not satisfied
   --> crates/daemon/tests/jobs_properties.rs:216:7
    |
197 | /     (
198 | |         path_strategy(),
199 | |         option_path_strategy(),
200 | |         job_status_strategy(),
...   |
215 | |         option_bool_strategy(),
216 | |     ).prop_map(|(
    | |      -^^^^^^^^ method cannot be called due to unsatisfied trait bounds
    | |______|
    |
    |
    = note: the following trait bounds were not satisfied:
            `(impl proptest::strategy::Strategy<Value = PathBuf>, impl proptest::strategy::Strategy<Value = Option<PathBuf>>, impl proptest::strategy::Strategy<Value = JobStatus>, impl proptest::strategy::Strategy<Value = Option<String>>, impl proptest::strategy::Strategy<Value = Option<u64>>, impl proptest::strategy::Strategy<Value = Option<u64>>, impl proptest::strategy::Strategy<Value = bool>, impl proptest::strategy::Strategy<Value = Option<String>>, impl proptest::strategy::Strategy<Value = Option<u64>>, impl proptest::strategy::Strategy<Value = Option<i32>>, impl proptest::strategy::Strategy<Value = Option<i32>>, impl proptest::strategy::Strategy<Value = Option<String>>, impl proptest::strategy::Strategy<Value = Option<u8>>, impl proptest::strategy::Strategy<Value = Option<u8>>, impl proptest::strategy::Strategy<Value = Option<String>>, impl proptest::strategy::Strategy<Value = Option<u8>>, impl proptest::strategy::Strategy<Value = Option<String>>, impl proptest::strategy::Strategy<Value = Option<bool>>): proptest::strategy::Strategy`
            which is required by `&(impl proptest::strategy::Strategy<Value = PathBuf>, impl proptest::strategy::Strategy<Value = Option<PathBuf>>, impl proptest::strategy::Strategy<Value = JobStatus>, impl proptest::strategy::Strategy<Value = Option<String>>, impl proptest::strategy::Strategy<Value = Option<u64>>, impl proptest::strategy::Strategy<Value = Option<u64>>, impl proptest::strategy::Strategy<Value = bool>, impl proptest::strategy::Strategy<Value = Option<String>>, impl proptest::strategy::Strategy<Value = Option<u64>>, impl proptest::strategy::Strategy<Value = Option<i32>>, impl proptest::strategy::Strategy<Value = Option<i32>>, impl proptest::strategy::Strategy<Value = Option<String>>, impl proptest::strategy::Strategy<Value = Option<u8>>, impl proptest::strategy::Strategy<Value = Option<u8>>, impl proptest::strategy::Strategy<Value = Option<String>>, impl proptest::strategy::Strategy<Value = Option<u8>>, impl proptest::strategy::Strategy<Value = Option<String>>, impl proptest::strategy::Strategy<Value = Option<bool>>): proptest::strategy::Strategy`
            `(impl proptest::strategy::Strategy<Value = PathBuf>, impl proptest::strategy::Strategy<Value = Option<PathBuf>>, impl proptest::strategy::Strategy<Value = JobStatus>, impl proptest::strategy::Strategy<Value = Option<String>>, impl proptest::strategy::Strategy<Value = Option<u64>>, impl proptest::strategy::Strategy<Value = Option<u64>>, impl proptest::strategy::Strategy<Value = bool>, impl proptest::strategy::Strategy<Value = Option<String>>, impl proptest::strategy::Strategy<Value = Option<u64>>, impl proptest::strategy::Strategy<Value = Option<i32>>, impl proptest::strategy::Strategy<Value = Option<i32>>, impl proptest::strategy::Strategy<Value = Option<String>>, impl proptest::strategy::Strategy<Value = Option<u8>>, impl proptest::strategy::Strategy<Value = Option<u8>>, impl proptest::strategy::Strategy<Value = Option<String>>, impl proptest::strategy::Strategy<Value = Option<u8>>, impl proptest::strategy::Strategy<Value = Option<String>>, impl proptest::strategy::Strategy<Value = Option<bool>>): proptest::strategy::Strategy`
            which is required by `&mut (impl proptest::strategy::Strategy<Value = PathBuf>, impl proptest::strategy::Strategy<Value = Option<PathBuf>>, impl proptest::strategy::Strategy<Value = JobStatus>, impl proptest::strategy::Strategy<Value = Option<String>>, impl proptest::strategy::Strategy<Value = Option<u64>>, impl proptest::strategy::Strategy<Value = Option<u64>>, impl proptest::strategy::Strategy<Value = bool>, impl proptest::strategy::Strategy<Value = Option<String>>, impl proptest::strategy::Strategy<Value = Option<u64>>, impl proptest::strategy::Strategy<Value = Option<i32>>, impl proptest::strategy::Strategy<Value = Option<i32>>, impl proptest::strategy::Strategy<Value = Option<String>>, impl proptest::strategy::Strategy<Value = Option<u8>>, impl proptest::strategy::Strategy<Value = Option<u8>>, impl proptest::strategy::Strategy<Value = Option<String>>, impl proptest::strategy::Strategy<Value = Option<u8>>, impl proptest::strategy::Strategy<Value = Option<String>>, impl proptest::strategy::Strategy<Value = Option<bool>>): proptest::strategy::Strategy`

error[E0063]: missing fields `av1_profile`, `av1_quality`, `quality_tier` and 3 other fields in initializer of `Job`
   --> crates/daemon/tests/jobs_properties.rs:248:9
    |
248 |         Job {
    |         ^^^ missing `av1_profile`, `av1_quality`, `quality_tier` and 3 other fields

error[E0599]: `tokio::fs::ReadDir` is not an iterator
   --> crates/daemon/tests/replace_properties.rs:301:10
    |
298 |       let backup_files: Vec<_> = fs::read_dir(&nested_dir)
    |  ________________________________-
299 | |         .await
300 | |         .unwrap()
301 | |         .filter_map(|e| e.ok())
    | |         -^^^^^^^^^^ `tokio::fs::ReadDir` is not an iterator
    | |_________|
    |
    |
   ::: /home/dark-rock/.cargo/registry/src/index.crates.io-1949cf8c6b5b557f/tokio-1.48.0/src/fs/read_dir.rs:64:1
    |
 64 |   pub struct ReadDir(State);
    |   ------------------ doesn't satisfy `tokio::fs::ReadDir: Iterator`
    |
    = note: the following trait bounds were not satisfied:
            `tokio::fs::ReadDir: Iterator`
            which is required by `&mut tokio::fs::ReadDir: Iterator`

For more information about this error, try `rustc --explain E0507`.
Some errors have detailed explanations: E0433, E0689.
For more information about an error, try `rustc --explain E0433`.
error: could not compile `av1d-daemon` (test "probe_properties") due to 3 previous errors
Some errors have detailed explanations: E0308, E0599.
For more information about an error, try `rustc --explain E0308`.
error: could not compile `av1d-daemon` (test "encode_properties") due to 9 previous errors
warning: `av1d-daemon` (test "replace_properties") generated 1 warning
error: could not compile `av1d-daemon` (test "replace_properties") due to 6 previous errors; 1 warning emitted
warning: unused variable: `ffmpeg_version`
  --> crates/cli-daemon/src/main.rs:64:9
   |
64 |     let ffmpeg_version = match av1d_daemon::startup::check_ffmpeg_version() {
   |         ^^^^^^^^^^^^^^ help: if this is intentional, prefix it with an underscore: `_ffmpeg_version`
   |
   = note: `#[warn(unused_variables)]` on by default

error[E0507]: cannot move out of `loaded_job.id` which is behind a shared reference
  --> crates/daemon/tests/jobs_properties.rs:41:25
   |
41 |         prop_assert_eq!(loaded_job.id, job.id, "Job ID should match");
   |                         ^^^^^^^^^^^^^ move occurs because `loaded_job.id` has type `String`, which does not implement the `Copy` trait
   |
help: consider borrowing here
   |
41 |         prop_assert_eq!(&loaded_job.id, job.id, "Job ID should match");
   |                         +
help: consider cloning the value if the performance cost is acceptable
   |
41 |         prop_assert_eq!(loaded_job.id.clone(), job.id, "Job ID should match");
   |                                      ++++++++

error[E0507]: cannot move out of `loaded_job.source_path` which is behind a shared reference
  --> crates/daemon/tests/jobs_properties.rs:42:25
   |
42 |         prop_assert_eq!(loaded_job.source_path, job.source_path, "Source path should match");
   |                         ^^^^^^^^^^^^^^^^^^^^^^ move occurs because `loaded_job.source_path` has type `PathBuf`, which does not implement the `Copy` trait
   |
help: consider borrowing here
   |
42 |         prop_assert_eq!(&loaded_job.source_path, job.source_path, "Source path should match");
   |                         +
help: consider cloning the value if the performance cost is acceptable
   |
42 |         prop_assert_eq!(loaded_job.source_path.clone(), job.source_path, "Source path should match");
   |                                               ++++++++

error[E0507]: cannot move out of `loaded_job.output_path` which is behind a shared reference
  --> crates/daemon/tests/jobs_properties.rs:43:25
   |
43 |         prop_assert_eq!(loaded_job.output_path, job.output_path, "Output path should match");
   |                         ^^^^^^^^^^^^^^^^^^^^^^ move occurs because `loaded_job.output_path` has type `Option<PathBuf>`, which does not implement the `Copy` trait
   |
help: consider borrowing here
   |
43 |         prop_assert_eq!(&loaded_job.output_path, job.output_path, "Output path should match");
   |                         +
help: consider cloning the value if the performance cost is acceptable
   |
43 |         prop_assert_eq!(loaded_job.output_path.clone(), job.output_path, "Output path should match");
   |                                               ++++++++

error[E0507]: cannot move out of `loaded_job.reason` which is behind a shared reference
  --> crates/daemon/tests/jobs_properties.rs:45:25
   |
45 |         prop_assert_eq!(loaded_job.reason, job.reason, "Reason should match");
   |                         ^^^^^^^^^^^^^^^^^ move occurs because `loaded_job.reason` has type `Option<String>`, which does not implement the `Copy` trait
   |
help: consider borrowing here
   |
45 |         prop_assert_eq!(&loaded_job.reason, job.reason, "Reason should match");
   |                         +
help: consider cloning the value if the performance cost is acceptable
   |
45 |         prop_assert_eq!(loaded_job.reason.clone(), job.reason, "Reason should match");
   |                                          ++++++++

error[E0507]: cannot move out of `loaded_job.video_codec` which is behind a shared reference
  --> crates/daemon/tests/jobs_properties.rs:49:25
   |
49 |         prop_assert_eq!(loaded_job.video_codec, job.video_codec, "Video codec should match");
   |                         ^^^^^^^^^^^^^^^^^^^^^^ move occurs because `loaded_job.video_codec` has type `Option<String>`, which does not implement the `Copy` trait
   |
help: consider borrowing here
   |
49 |         prop_assert_eq!(&loaded_job.video_codec, job.video_codec, "Video codec should match");
   |                         +
help: consider cloning the value if the performance cost is acceptable
   |
49 |         prop_assert_eq!(loaded_job.video_codec.clone(), job.video_codec, "Video codec should match");
   |                                               ++++++++

error[E0507]: cannot move out of `loaded_job.video_frame_rate` which is behind a shared reference
  --> crates/daemon/tests/jobs_properties.rs:53:25
   |
53 |         prop_assert_eq!(loaded_job.video_frame_rate, job.video_frame_rate, "Video frame rate should match");
   |                         ^^^^^^^^^^^^^^^^^^^^^^^^^^^ move occurs because `loaded_job.video_frame_rate` has type `Option<String>`, which does not implement the `Copy` trait
   |
help: consider borrowing here
   |
53 |         prop_assert_eq!(&loaded_job.video_frame_rate, job.video_frame_rate, "Video frame rate should match");
   |                         +
help: consider cloning the value if the performance cost is acceptable
   |
53 |         prop_assert_eq!(loaded_job.video_frame_rate.clone(), job.video_frame_rate, "Video frame rate should match");
   |                                                    ++++++++

error[E0507]: cannot move out of `loaded_job.encoder_used` which is behind a shared reference
  --> crates/daemon/tests/jobs_properties.rs:56:25
   |
56 |         prop_assert_eq!(loaded_job.encoder_used, job.encoder_used, "Encoder used should match");
   |                         ^^^^^^^^^^^^^^^^^^^^^^^ move occurs because `loaded_job.encoder_used` has type `Option<String>`, which does not implement the `Copy` trait
   |
help: consider borrowing here
   |
56 |         prop_assert_eq!(&loaded_job.encoder_used, job.encoder_used, "Encoder used should match");
   |                         +
help: consider cloning the value if the performance cost is acceptable
   |
56 |         prop_assert_eq!(loaded_job.encoder_used.clone(), job.encoder_used, "Encoder used should match");
   |                                                ++++++++

error[E0507]: cannot move out of `loaded_job.source_pix_fmt` which is behind a shared reference
  --> crates/daemon/tests/jobs_properties.rs:58:25
   |
58 |         prop_assert_eq!(loaded_job.source_pix_fmt, job.source_pix_fmt, "Source pix fmt should match");
   |                         ^^^^^^^^^^^^^^^^^^^^^^^^^ move occurs because `loaded_job.source_pix_fmt` has type `Option<String>`, which does not implement the `Copy` trait
   |
help: consider borrowing here
   |
58 |         prop_assert_eq!(&loaded_job.source_pix_fmt, job.source_pix_fmt, "Source pix fmt should match");
   |                         +
help: consider cloning the value if the performance cost is acceptable
   |
58 |         prop_assert_eq!(loaded_job.source_pix_fmt.clone(), job.source_pix_fmt, "Source pix fmt should match");
   |                                                  ++++++++

warning: variant `Complete` is never constructed
   --> crates/cli-tui/tests/tui_properties.rs:543:9
    |
538 |     enum JobStage {
    |          -------- variant in this enum
...
543 |         Complete,
    |         ^^^^^^^^
    |
    = note: `JobStage` has derived impls for the traits `Clone` and `Debug`, but these are intentionally ignored during dead code analysis
    = note: `#[warn(dead_code)]` on by default

Some errors have detailed explanations: E0063, E0507, E0599.
error: could not compile `av1d-daemon` (test "jobs_properties") due to 10 previous errors
warning: use of deprecated method `ratatui::Frame::<'_>::size`: use .area() as it's the more correct name
    --> crates/cli-tui/src/main.rs:1996:18
     |
1996 |     let size = f.size();
     |                  ^^^^
     |
     = note: `#[warn(deprecated)]` on by default

warning: `av1d` (bin "av1d" test) generated 1 warning
warning: variants `Replacing` and `Complete` are never constructed
  --> crates/cli-tui/src/main.rs:28:5
   |
24 | enum JobStage {
   |      -------- variants in this enum
...
28 |     Replacing,      // Replacing original file
   |     ^^^^^^^^^
29 |     Complete,       // Job finished
   |     ^^^^^^^^
   |
   = note: `JobStage` has derived impls for the traits `Clone` and `Debug`, but these are intentionally ignored during dead code analysis
   = note: `#[warn(dead_code)]` on by default

warning: field `scroll_offset` is never read
  --> crates/cli-tui/src/main.rs:75:5
   |
72 | struct UiState {
   |        ------- field in this struct
...
75 |     scroll_offset: usize,
   |     ^^^^^^^^^^^^^
   |
   = note: `UiState` has derived impls for the traits `Clone` and `Debug`, but these are intentionally ignored during dead code analysis

warning: field `recent_completion_rate` is never read
   --> crates/cli-tui/src/main.rs:116:5
    |
105 | struct StatisticsCache {
    |        --------------- field in this struct
...
116 |     recent_completion_rate: f64,
    |     ^^^^^^^^^^^^^^^^^^^^^^
    |
    = note: `StatisticsCache` has derived impls for the traits `Clone` and `Debug`, but these are intentionally ignored during dead code analysis

warning: field `skipped` is never read
   --> crates/cli-tui/src/main.rs:292:5
    |
286 | struct ColorScheme {
    |        ----------- field in this struct
...
292 |     skipped: Color,
    |     ^^^^^^^
    |
    = note: `ColorScheme` has derived impls for the traits `Clone` and `Debug`, but these are intentionally ignored during dead code analysis

warning: methods `status_color` and `codec_color` are never used
   --> crates/cli-tui/src/main.rs:344:8
    |
342 | impl ColorScheme {
    | ---------------- methods in this implementation
343 |     /// Get color for a job status
344 |     fn status_color(&self, status: &JobStatus) -> Color {
    |        ^^^^^^^^^^^^
...
365 |     fn codec_color(&self, codec: &str) -> Color {
    |        ^^^^^^^^^^^

warning: fields `show_detail_view`, `table_height`, and `is_very_small` are never read
   --> crates/cli-tui/src/main.rs:479:5
    |
475 | struct LayoutConfig {
    |        ------------ fields in this struct
...
479 |     show_detail_view: bool,
    |     ^^^^^^^^^^^^^^^^
...
485 |     table_height: u16,
    |     ^^^^^^^^^^^^
...
488 |     is_very_small: bool,
    |     ^^^^^^^^^^^^^
    |
    = note: `LayoutConfig` has derived impls for the traits `Clone` and `Debug`, but these are intentionally ignored during dead code analysis

warning: field `temp_file_path` is never read
   --> crates/cli-tui/src/main.rs:650:5
    |
649 | struct JobProgress {
    |        ----------- field in this struct
650 |     temp_file_path: PathBuf,
    |     ^^^^^^^^^^^^^^
    |
    = note: `JobProgress` has a derived impl for the trait `Clone`, but this is intentionally ignored during dead code analysis

warning: function `estimate_space_savings_gb` is never used
   --> crates/cli-tui/src/main.rs:818:4
    |
818 | fn estimate_space_savings_gb(job: &Job) -> Option<f64> {
    |    ^^^^^^^^^^^^^^^^^^^^^^^^^

warning: methods `update_message` and `detect_job_progress` are never used
    --> crates/cli-tui/src/main.rs:1169:8
     |
 877 | impl App {
     | -------- methods in this implementation
...
1169 |     fn update_message(&mut self) {
     |        ^^^^^^^^^^^^^^
...
1338 |     fn detect_job_progress(&mut self, job: &Job) {
     |        ^^^^^^^^^^^^^^^^^^^

warning: method `command_dir` is never used
   --> crates/cli-tui/src/models/config.rs:143:12
    |
117 | impl TranscodeConfig {
    | -------------------- method in this implementation
...
143 |     pub fn command_dir(&self) -> PathBuf {
    |            ^^^^^^^^^^^

warning: `av1d-daemon` (test "validate_properties") generated 3 warnings
warning: method `codec_color` is never used
   --> crates/cli-tui/src/main.rs:365:8
    |
342 | impl ColorScheme {
    | ---------------- method in this implementation
...
365 |     fn codec_color(&self, codec: &str) -> Color {
    |        ^^^^^^^^^^^

warning: `av1d-daemon` (lib test) generated 1 warning (1 duplicate)
warning: `av1top` (test "tui_properties") generated 1 warning
warning: `av1top` (bin "av1top") generated 12 warnings (run `cargo fix --bin "av1top"` to apply 1 suggestion)
warning: `av1top` (bin "av1top" test) generated 11 warnings (10 duplicates)
